CRITICAL - 2021-12-13 03:18:10 --> Invalid file: login.php
#0 C:\xampp\htdocs\uas_pweb2\vendor\codeigniter4\framework\system\View\View.php(198): CodeIgniter\Exceptions\FrameworkException::forInvalidFile('login.php')
#1 C:\xampp\htdocs\uas_pweb2\vendor\codeigniter4\framework\system\Common.php(1097): CodeIgniter\View\View->render('login', Array, true)
#2 C:\xampp\htdocs\uas_pweb2\app\Controllers\Account.php(9): view('login')
#3 C:\xampp\htdocs\uas_pweb2\vendor\codeigniter4\framework\system\CodeIgniter.php(824): App\Controllers\Account->index()
#4 C:\xampp\htdocs\uas_pweb2\vendor\codeigniter4\framework\system\CodeIgniter.php(410): CodeIgniter\CodeIgniter->runController(Object(App\Controllers\Account))
#5 C:\xampp\htdocs\uas_pweb2\vendor\codeigniter4\framework\system\CodeIgniter.php(318): CodeIgniter\CodeIgniter->handleRequest(NULL, Object(Config\Cache), false)
#6 C:\xampp\htdocs\uas_pweb2\public\index.php(37): CodeIgniter\CodeIgniter->run()
#7 C:\xampp\htdocs\uas_pweb2\vendor\codeigniter4\framework\system\Commands\Server\rewrite.php(43): require_once('C:\\xampp\\htdocs...')
#8 {main}
CRITICAL - 2021-12-13 03:18:16 --> Invalid file: login.php
#0 C:\xampp\htdocs\uas_pweb2\vendor\codeigniter4\framework\system\View\View.php(198): CodeIgniter\Exceptions\FrameworkException::forInvalidFile('login.php')
#1 C:\xampp\htdocs\uas_pweb2\vendor\codeigniter4\framework\system\Common.php(1097): CodeIgniter\View\View->render('login', Array, true)
#2 C:\xampp\htdocs\uas_pweb2\app\Controllers\Account.php(9): view('login')
#3 C:\xampp\htdocs\uas_pweb2\vendor\codeigniter4\framework\system\CodeIgniter.php(824): App\Controllers\Account->index()
#4 C:\xampp\htdocs\uas_pweb2\vendor\codeigniter4\framework\system\CodeIgniter.php(410): CodeIgniter\CodeIgniter->runController(Object(App\Controllers\Account))
#5 C:\xampp\htdocs\uas_pweb2\vendor\codeigniter4\framework\system\CodeIgniter.php(318): CodeIgniter\CodeIgniter->handleRequest(NULL, Object(Config\Cache), false)
#6 C:\xampp\htdocs\uas_pweb2\public\index.php(37): CodeIgniter\CodeIgniter->run()
#7 C:\xampp\htdocs\uas_pweb2\vendor\codeigniter4\framework\system\Commands\Server\rewrite.php(43): require_once('C:\\xampp\\htdocs...')
#8 {main}
CRITICAL - 2021-12-13 03:18:59 --> Invalid file: login.php
#0 C:\xampp\htdocs\uas_pweb2\vendor\codeigniter4\framework\system\View\View.php(198): CodeIgniter\Exceptions\FrameworkException::forInvalidFile('login.php')
#1 C:\xampp\htdocs\uas_pweb2\vendor\codeigniter4\framework\system\Common.php(1097): CodeIgniter\View\View->render('login', Array, true)
#2 C:\xampp\htdocs\uas_pweb2\app\Controllers\Account.php(9): view('login')
#3 C:\xampp\htdocs\uas_pweb2\vendor\codeigniter4\framework\system\CodeIgniter.php(824): App\Controllers\Account->index()
#4 C:\xampp\htdocs\uas_pweb2\vendor\codeigniter4\framework\system\CodeIgniter.php(410): CodeIgniter\CodeIgniter->runController(Object(App\Controllers\Account))
#5 C:\xampp\htdocs\uas_pweb2\vendor\codeigniter4\framework\system\CodeIgniter.php(318): CodeIgniter\CodeIgniter->handleRequest(NULL, Object(Config\Cache), false)
#6 C:\xampp\htdocs\uas_pweb2\public\index.php(37): CodeIgniter\CodeIgniter->run()
#7 C:\xampp\htdocs\uas_pweb2\vendor\codeigniter4\framework\system\Commands\Server\rewrite.php(43): require_once('C:\\xampp\\htdocs...')
#8 {main}
CRITICAL - 2021-12-13 03:19:02 --> Invalid file: login.php
#0 C:\xampp\htdocs\uas_pweb2\vendor\codeigniter4\framework\system\View\View.php(198): CodeIgniter\Exceptions\FrameworkException::forInvalidFile('login.php')
#1 C:\xampp\htdocs\uas_pweb2\vendor\codeigniter4\framework\system\Common.php(1097): CodeIgniter\View\View->render('login', Array, true)
#2 C:\xampp\htdocs\uas_pweb2\app\Controllers\Account.php(9): view('login')
#3 C:\xampp\htdocs\uas_pweb2\vendor\codeigniter4\framework\system\CodeIgniter.php(824): App\Controllers\Account->index()
#4 C:\xampp\htdocs\uas_pweb2\vendor\codeigniter4\framework\system\CodeIgniter.php(410): CodeIgniter\CodeIgniter->runController(Object(App\Controllers\Account))
#5 C:\xampp\htdocs\uas_pweb2\vendor\codeigniter4\framework\system\CodeIgniter.php(318): CodeIgniter\CodeIgniter->handleRequest(NULL, Object(Config\Cache), false)
#6 C:\xampp\htdocs\uas_pweb2\public\index.php(37): CodeIgniter\CodeIgniter->run()
#7 C:\xampp\htdocs\uas_pweb2\vendor\codeigniter4\framework\system\Commands\Server\rewrite.php(43): require_once('C:\\xampp\\htdocs...')
#8 {main}
CRITICAL - 2021-12-13 03:19:05 --> Invalid file: login.php
#0 C:\xampp\htdocs\uas_pweb2\vendor\codeigniter4\framework\system\View\View.php(198): CodeIgniter\Exceptions\FrameworkException::forInvalidFile('login.php')
#1 C:\xampp\htdocs\uas_pweb2\vendor\codeigniter4\framework\system\Common.php(1097): CodeIgniter\View\View->render('login', Array, true)
#2 C:\xampp\htdocs\uas_pweb2\app\Controllers\Account.php(9): view('login')
#3 C:\xampp\htdocs\uas_pweb2\vendor\codeigniter4\framework\system\CodeIgniter.php(824): App\Controllers\Account->index()
#4 C:\xampp\htdocs\uas_pweb2\vendor\codeigniter4\framework\system\CodeIgniter.php(410): CodeIgniter\CodeIgniter->runController(Object(App\Controllers\Account))
#5 C:\xampp\htdocs\uas_pweb2\vendor\codeigniter4\framework\system\CodeIgniter.php(318): CodeIgniter\CodeIgniter->handleRequest(NULL, Object(Config\Cache), false)
#6 C:\xampp\htdocs\uas_pweb2\public\index.php(37): CodeIgniter\CodeIgniter->run()
#7 C:\xampp\htdocs\uas_pweb2\vendor\codeigniter4\framework\system\Commands\Server\rewrite.php(43): require_once('C:\\xampp\\htdocs...')
#8 {main}
CRITICAL - 2021-12-13 03:20:39 --> Invalid file: login.php
#0 C:\xampp\htdocs\uas_pweb2\vendor\codeigniter4\framework\system\View\View.php(198): CodeIgniter\Exceptions\FrameworkException::forInvalidFile('login.php')
#1 C:\xampp\htdocs\uas_pweb2\vendor\codeigniter4\framework\system\Common.php(1097): CodeIgniter\View\View->render('login', Array, true)
#2 C:\xampp\htdocs\uas_pweb2\app\Controllers\Account.php(9): view('login')
#3 C:\xampp\htdocs\uas_pweb2\vendor\codeigniter4\framework\system\CodeIgniter.php(824): App\Controllers\Account->index()
#4 C:\xampp\htdocs\uas_pweb2\vendor\codeigniter4\framework\system\CodeIgniter.php(410): CodeIgniter\CodeIgniter->runController(Object(App\Controllers\Account))
#5 C:\xampp\htdocs\uas_pweb2\vendor\codeigniter4\framework\system\CodeIgniter.php(318): CodeIgniter\CodeIgniter->handleRequest(NULL, Object(Config\Cache), false)
#6 C:\xampp\htdocs\uas_pweb2\public\index.php(37): CodeIgniter\CodeIgniter->run()
#7 C:\xampp\htdocs\uas_pweb2\vendor\codeigniter4\framework\system\Commands\Server\rewrite.php(43): require_once('C:\\xampp\\htdocs...')
#8 {main}
ERROR - 2021-12-13 04:05:12 --> Table 'login_uts.komik' doesn't exist
CRITICAL - 2021-12-13 04:05:12 --> Table 'login_uts.komik' doesn't exist
#0 C:\xampp\htdocs\uas_pweb2\vendor\codeigniter4\framework\system\Database\MySQLi\Connection.php(292): mysqli->query('SELECT 1\nFROM `...', 0)
#1 C:\xampp\htdocs\uas_pweb2\vendor\codeigniter4\framework\system\Database\BaseConnection.php(670): CodeIgniter\Database\MySQLi\Connection->execute('SELECT 1\nFROM `...')
#2 C:\xampp\htdocs\uas_pweb2\vendor\codeigniter4\framework\system\Database\BaseConnection.php(598): CodeIgniter\Database\BaseConnection->simpleQuery('SELECT 1\nFROM `...')
#3 C:\xampp\htdocs\uas_pweb2\vendor\codeigniter4\framework\system\Database\BaseBuilder.php(1443): CodeIgniter\Database\BaseConnection->query('SELECT 1\nFROM `...', Array, false)
#4 C:\xampp\htdocs\uas_pweb2\vendor\codeigniter4\framework\system\Validation\Rules.php(161): CodeIgniter\Database\BaseBuilder->get()
#5 C:\xampp\htdocs\uas_pweb2\vendor\codeigniter4\framework\system\Validation\Validation.php(277): CodeIgniter\Validation\Rules->is_unique('tes', 'judul', Array, NULL)
#6 C:\xampp\htdocs\uas_pweb2\vendor\codeigniter4\framework\system\Validation\Validation.php(151): CodeIgniter\Validation\Validation->processRules('username', 'username', 'tes', Array, Array)
#7 C:\xampp\htdocs\uas_pweb2\vendor\codeigniter4\framework\system\Controller.php(160): CodeIgniter\Validation\Validation->run()
#8 C:\xampp\htdocs\uas_pweb2\app\Controllers\Account.php(33): CodeIgniter\Controller->validate(Array)
#9 C:\xampp\htdocs\uas_pweb2\vendor\codeigniter4\framework\system\CodeIgniter.php(824): App\Controllers\Account->create_account()
#10 C:\xampp\htdocs\uas_pweb2\vendor\codeigniter4\framework\system\CodeIgniter.php(410): CodeIgniter\CodeIgniter->runController(Object(App\Controllers\Account))
#11 C:\xampp\htdocs\uas_pweb2\vendor\codeigniter4\framework\system\CodeIgniter.php(318): CodeIgniter\CodeIgniter->handleRequest(NULL, Object(Config\Cache), false)
#12 C:\xampp\htdocs\uas_pweb2\public\index.php(37): CodeIgniter\CodeIgniter->run()
#13 C:\xampp\htdocs\uas_pweb2\vendor\codeigniter4\framework\system\Commands\Server\rewrite.php(43): require_once('C:\\xampp\\htdocs...')
#14 {main}
ERROR - 2021-12-13 04:07:11 --> Table 'login_uts.komik' doesn't exist
CRITICAL - 2021-12-13 04:07:11 --> Table 'login_uts.komik' doesn't exist
#0 C:\xampp\htdocs\uas_pweb2\vendor\codeigniter4\framework\system\Database\MySQLi\Connection.php(292): mysqli->query('SELECT 1\nFROM `...', 0)
#1 C:\xampp\htdocs\uas_pweb2\vendor\codeigniter4\framework\system\Database\BaseConnection.php(670): CodeIgniter\Database\MySQLi\Connection->execute('SELECT 1\nFROM `...')
#2 C:\xampp\htdocs\uas_pweb2\vendor\codeigniter4\framework\system\Database\BaseConnection.php(598): CodeIgniter\Database\BaseConnection->simpleQuery('SELECT 1\nFROM `...')
#3 C:\xampp\htdocs\uas_pweb2\vendor\codeigniter4\framework\system\Database\BaseBuilder.php(1443): CodeIgniter\Database\BaseConnection->query('SELECT 1\nFROM `...', Array, false)
#4 C:\xampp\htdocs\uas_pweb2\vendor\codeigniter4\framework\system\Validation\Rules.php(161): CodeIgniter\Database\BaseBuilder->get()
#5 C:\xampp\htdocs\uas_pweb2\vendor\codeigniter4\framework\system\Validation\Validation.php(277): CodeIgniter\Validation\Rules->is_unique('tes', 'judul', Array, NULL)
#6 C:\xampp\htdocs\uas_pweb2\vendor\codeigniter4\framework\system\Validation\Validation.php(151): CodeIgniter\Validation\Validation->processRules('username', 'username', 'tes', Array, Array)
#7 C:\xampp\htdocs\uas_pweb2\vendor\codeigniter4\framework\system\Controller.php(160): CodeIgniter\Validation\Validation->run()
#8 C:\xampp\htdocs\uas_pweb2\app\Controllers\Account.php(33): CodeIgniter\Controller->validate(Array)
#9 C:\xampp\htdocs\uas_pweb2\vendor\codeigniter4\framework\system\CodeIgniter.php(824): App\Controllers\Account->create_account()
#10 C:\xampp\htdocs\uas_pweb2\vendor\codeigniter4\framework\system\CodeIgniter.php(410): CodeIgniter\CodeIgniter->runController(Object(App\Controllers\Account))
#11 C:\xampp\htdocs\uas_pweb2\vendor\codeigniter4\framework\system\CodeIgniter.php(318): CodeIgniter\CodeIgniter->handleRequest(NULL, Object(Config\Cache), false)
#12 C:\xampp\htdocs\uas_pweb2\public\index.php(37): CodeIgniter\CodeIgniter->run()
#13 C:\xampp\htdocs\uas_pweb2\vendor\codeigniter4\framework\system\Commands\Server\rewrite.php(43): require_once('C:\\xampp\\htdocs...')
#14 {main}
ERROR - 2021-12-13 04:07:52 --> Table 'login_uts.komik' doesn't exist
CRITICAL - 2021-12-13 04:07:52 --> Table 'login_uts.komik' doesn't exist
#0 C:\xampp\htdocs\uas_pweb2\vendor\codeigniter4\framework\system\Database\MySQLi\Connection.php(292): mysqli->query('SELECT 1\nFROM `...', 0)
#1 C:\xampp\htdocs\uas_pweb2\vendor\codeigniter4\framework\system\Database\BaseConnection.php(670): CodeIgniter\Database\MySQLi\Connection->execute('SELECT 1\nFROM `...')
#2 C:\xampp\htdocs\uas_pweb2\vendor\codeigniter4\framework\system\Database\BaseConnection.php(598): CodeIgniter\Database\BaseConnection->simpleQuery('SELECT 1\nFROM `...')
#3 C:\xampp\htdocs\uas_pweb2\vendor\codeigniter4\framework\system\Database\BaseBuilder.php(1443): CodeIgniter\Database\BaseConnection->query('SELECT 1\nFROM `...', Array, false)
#4 C:\xampp\htdocs\uas_pweb2\vendor\codeigniter4\framework\system\Validation\Rules.php(161): CodeIgniter\Database\BaseBuilder->get()
#5 C:\xampp\htdocs\uas_pweb2\vendor\codeigniter4\framework\system\Validation\Validation.php(277): CodeIgniter\Validation\Rules->is_unique('tes', 'judul', Array, NULL)
#6 C:\xampp\htdocs\uas_pweb2\vendor\codeigniter4\framework\system\Validation\Validation.php(151): CodeIgniter\Validation\Validation->processRules('username', 'username', 'tes', Array, Array)
#7 C:\xampp\htdocs\uas_pweb2\vendor\codeigniter4\framework\system\Controller.php(160): CodeIgniter\Validation\Validation->run()
#8 C:\xampp\htdocs\uas_pweb2\app\Controllers\Account.php(33): CodeIgniter\Controller->validate(Array)
#9 C:\xampp\htdocs\uas_pweb2\vendor\codeigniter4\framework\system\CodeIgniter.php(824): App\Controllers\Account->create_account()
#10 C:\xampp\htdocs\uas_pweb2\vendor\codeigniter4\framework\system\CodeIgniter.php(410): CodeIgniter\CodeIgniter->runController(Object(App\Controllers\Account))
#11 C:\xampp\htdocs\uas_pweb2\vendor\codeigniter4\framework\system\CodeIgniter.php(318): CodeIgniter\CodeIgniter->handleRequest(NULL, Object(Config\Cache), false)
#12 C:\xampp\htdocs\uas_pweb2\public\index.php(37): CodeIgniter\CodeIgniter->run()
#13 C:\xampp\htdocs\uas_pweb2\vendor\codeigniter4\framework\system\Commands\Server\rewrite.php(43): require_once('C:\\xampp\\htdocs...')
#14 {main}
ERROR - 2021-12-13 04:08:08 --> Table 'login_uts.komik' doesn't exist
CRITICAL - 2021-12-13 04:08:08 --> Table 'login_uts.komik' doesn't exist
#0 C:\xampp\htdocs\uas_pweb2\vendor\codeigniter4\framework\system\Database\MySQLi\Connection.php(292): mysqli->query('SELECT 1\nFROM `...', 0)
#1 C:\xampp\htdocs\uas_pweb2\vendor\codeigniter4\framework\system\Database\BaseConnection.php(670): CodeIgniter\Database\MySQLi\Connection->execute('SELECT 1\nFROM `...')
#2 C:\xampp\htdocs\uas_pweb2\vendor\codeigniter4\framework\system\Database\BaseConnection.php(598): CodeIgniter\Database\BaseConnection->simpleQuery('SELECT 1\nFROM `...')
#3 C:\xampp\htdocs\uas_pweb2\vendor\codeigniter4\framework\system\Database\BaseBuilder.php(1443): CodeIgniter\Database\BaseConnection->query('SELECT 1\nFROM `...', Array, false)
#4 C:\xampp\htdocs\uas_pweb2\vendor\codeigniter4\framework\system\Validation\Rules.php(161): CodeIgniter\Database\BaseBuilder->get()
#5 C:\xampp\htdocs\uas_pweb2\vendor\codeigniter4\framework\system\Validation\Validation.php(277): CodeIgniter\Validation\Rules->is_unique('tes', 'judul', Array, NULL)
#6 C:\xampp\htdocs\uas_pweb2\vendor\codeigniter4\framework\system\Validation\Validation.php(151): CodeIgniter\Validation\Validation->processRules('username', 'username', 'tes', Array, Array)
#7 C:\xampp\htdocs\uas_pweb2\vendor\codeigniter4\framework\system\Controller.php(160): CodeIgniter\Validation\Validation->run()
#8 C:\xampp\htdocs\uas_pweb2\app\Controllers\Account.php(33): CodeIgniter\Controller->validate(Array)
#9 C:\xampp\htdocs\uas_pweb2\vendor\codeigniter4\framework\system\CodeIgniter.php(824): App\Controllers\Account->create_account()
#10 C:\xampp\htdocs\uas_pweb2\vendor\codeigniter4\framework\system\CodeIgniter.php(410): CodeIgniter\CodeIgniter->runController(Object(App\Controllers\Account))
#11 C:\xampp\htdocs\uas_pweb2\vendor\codeigniter4\framework\system\CodeIgniter.php(318): CodeIgniter\CodeIgniter->handleRequest(NULL, Object(Config\Cache), false)
#12 C:\xampp\htdocs\uas_pweb2\public\index.php(37): CodeIgniter\CodeIgniter->run()
#13 C:\xampp\htdocs\uas_pweb2\vendor\codeigniter4\framework\system\Commands\Server\rewrite.php(43): require_once('C:\\xampp\\htdocs...')
#14 {main}
ERROR - 2021-12-13 04:09:33 --> Unknown column 'created_at' in 'field list'
CRITICAL - 2021-12-13 04:09:33 --> Unknown column 'created_at' in 'field list'
#0 C:\xampp\htdocs\uas_pweb2\vendor\codeigniter4\framework\system\Database\MySQLi\Connection.php(292): mysqli->query('INSERT INTO `da...', 0)
#1 C:\xampp\htdocs\uas_pweb2\vendor\codeigniter4\framework\system\Database\BaseConnection.php(670): CodeIgniter\Database\MySQLi\Connection->execute('INSERT INTO `da...')
#2 C:\xampp\htdocs\uas_pweb2\vendor\codeigniter4\framework\system\Database\BaseConnection.php(598): CodeIgniter\Database\BaseConnection->simpleQuery('INSERT INTO `da...')
#3 C:\xampp\htdocs\uas_pweb2\vendor\codeigniter4\framework\system\Database\BaseBuilder.php(1759): CodeIgniter\Database\BaseConnection->query('INSERT INTO `da...', Array, false)
#4 C:\xampp\htdocs\uas_pweb2\vendor\codeigniter4\framework\system\Model.php(239): CodeIgniter\Database\BaseBuilder->insert()
#5 C:\xampp\htdocs\uas_pweb2\vendor\codeigniter4\framework\system\BaseModel.php(738): CodeIgniter\Model->doInsert(Array)
#6 C:\xampp\htdocs\uas_pweb2\vendor\codeigniter4\framework\system\Model.php(620): CodeIgniter\BaseModel->insert(Array, false)
#7 C:\xampp\htdocs\uas_pweb2\vendor\codeigniter4\framework\system\BaseModel.php(658): CodeIgniter\Model->insert(Array, false)
#8 C:\xampp\htdocs\uas_pweb2\app\Controllers\Account.php(47): CodeIgniter\BaseModel->save(Array)
#9 C:\xampp\htdocs\uas_pweb2\vendor\codeigniter4\framework\system\CodeIgniter.php(824): App\Controllers\Account->create_account()
#10 C:\xampp\htdocs\uas_pweb2\vendor\codeigniter4\framework\system\CodeIgniter.php(410): CodeIgniter\CodeIgniter->runController(Object(App\Controllers\Account))
#11 C:\xampp\htdocs\uas_pweb2\vendor\codeigniter4\framework\system\CodeIgniter.php(318): CodeIgniter\CodeIgniter->handleRequest(NULL, Object(Config\Cache), false)
#12 C:\xampp\htdocs\uas_pweb2\public\index.php(37): CodeIgniter\CodeIgniter->run()
#13 C:\xampp\htdocs\uas_pweb2\vendor\codeigniter4\framework\system\Commands\Server\rewrite.php(43): require_once('C:\\xampp\\htdocs...')
#14 {main}
ERROR - 2021-12-13 04:13:10 --> Unknown column 'created_at' in 'field list'
CRITICAL - 2021-12-13 04:13:10 --> Unknown column 'created_at' in 'field list'
#0 C:\xampp\htdocs\uas_pweb2\vendor\codeigniter4\framework\system\Database\MySQLi\Connection.php(292): mysqli->query('INSERT INTO `da...', 0)
#1 C:\xampp\htdocs\uas_pweb2\vendor\codeigniter4\framework\system\Database\BaseConnection.php(670): CodeIgniter\Database\MySQLi\Connection->execute('INSERT INTO `da...')
#2 C:\xampp\htdocs\uas_pweb2\vendor\codeigniter4\framework\system\Database\BaseConnection.php(598): CodeIgniter\Database\BaseConnection->simpleQuery('INSERT INTO `da...')
#3 C:\xampp\htdocs\uas_pweb2\vendor\codeigniter4\framework\system\Database\BaseBuilder.php(1759): CodeIgniter\Database\BaseConnection->query('INSERT INTO `da...', Array, false)
#4 C:\xampp\htdocs\uas_pweb2\vendor\codeigniter4\framework\system\Model.php(239): CodeIgniter\Database\BaseBuilder->insert()
#5 C:\xampp\htdocs\uas_pweb2\vendor\codeigniter4\framework\system\BaseModel.php(738): CodeIgniter\Model->doInsert(Array)
#6 C:\xampp\htdocs\uas_pweb2\vendor\codeigniter4\framework\system\Model.php(620): CodeIgniter\BaseModel->insert(Array, false)
#7 C:\xampp\htdocs\uas_pweb2\vendor\codeigniter4\framework\system\BaseModel.php(658): CodeIgniter\Model->insert(Array, false)
#8 C:\xampp\htdocs\uas_pweb2\app\Controllers\Account.php(47): CodeIgniter\BaseModel->save(Array)
#9 C:\xampp\htdocs\uas_pweb2\vendor\codeigniter4\framework\system\CodeIgniter.php(824): App\Controllers\Account->create_account()
#10 C:\xampp\htdocs\uas_pweb2\vendor\codeigniter4\framework\system\CodeIgniter.php(410): CodeIgniter\CodeIgniter->runController(Object(App\Controllers\Account))
#11 C:\xampp\htdocs\uas_pweb2\vendor\codeigniter4\framework\system\CodeIgniter.php(318): CodeIgniter\CodeIgniter->handleRequest(NULL, Object(Config\Cache), false)
#12 C:\xampp\htdocs\uas_pweb2\public\index.php(37): CodeIgniter\CodeIgniter->run()
#13 C:\xampp\htdocs\uas_pweb2\vendor\codeigniter4\framework\system\Commands\Server\rewrite.php(43): require_once('C:\\xampp\\htdocs...')
#14 {main}
CRITICAL - 2021-12-13 05:55:59 --> Encrypter needs a starter key.
#0 C:\xampp\htdocs\uas_pweb2\vendor\codeigniter4\framework\system\Encryption\Encryption.php(124): CodeIgniter\Encryption\Exceptions\EncryptionException::forNeedsStarterKey()
#1 C:\xampp\htdocs\uas_pweb2\vendor\codeigniter4\framework\system\Config\Services.php(215): CodeIgniter\Encryption\Encryption->initialize(Object(Config\Encryption))
#2 C:\xampp\htdocs\uas_pweb2\vendor\codeigniter4\framework\system\Config\BaseService.php(248): CodeIgniter\Config\Services::encrypter()
#3 C:\xampp\htdocs\uas_pweb2\app\Controllers\Account.php(57): CodeIgniter\Config\BaseService::__callStatic('encrypter', Array)
#4 C:\xampp\htdocs\uas_pweb2\vendor\codeigniter4\framework\system\CodeIgniter.php(824): App\Controllers\Account->create_account()
#5 C:\xampp\htdocs\uas_pweb2\vendor\codeigniter4\framework\system\CodeIgniter.php(410): CodeIgniter\CodeIgniter->runController(Object(App\Controllers\Account))
#6 C:\xampp\htdocs\uas_pweb2\vendor\codeigniter4\framework\system\CodeIgniter.php(318): CodeIgniter\CodeIgniter->handleRequest(NULL, Object(Config\Cache), false)
#7 C:\xampp\htdocs\uas_pweb2\public\index.php(37): CodeIgniter\CodeIgniter->run()
#8 C:\xampp\htdocs\uas_pweb2\vendor\codeigniter4\framework\system\Commands\Server\rewrite.php(43): require_once('C:\\xampp\\htdocs...')
#9 {main}
CRITICAL - 2021-12-13 06:41:25 --> Decrypting: authentication failed.
#0 C:\xampp\htdocs\uas_pweb2\vendor\codeigniter4\framework\system\Encryption\Handlers\OpenSSLHandler.php(98): CodeIgniter\Encryption\Exceptions\EncryptionException::forAuthenticationFailed()
#1 C:\xampp\htdocs\uas_pweb2\app\Controllers\Account.php(76): CodeIgniter\Encryption\Handlers\OpenSSLHandler->decrypt('')
#2 C:\xampp\htdocs\uas_pweb2\vendor\codeigniter4\framework\system\CodeIgniter.php(824): App\Controllers\Account->login_auth()
#3 C:\xampp\htdocs\uas_pweb2\vendor\codeigniter4\framework\system\CodeIgniter.php(410): CodeIgniter\CodeIgniter->runController(Object(App\Controllers\Account))
#4 C:\xampp\htdocs\uas_pweb2\vendor\codeigniter4\framework\system\CodeIgniter.php(318): CodeIgniter\CodeIgniter->handleRequest(NULL, Object(Config\Cache), false)
#5 C:\xampp\htdocs\uas_pweb2\public\index.php(37): CodeIgniter\CodeIgniter->run()
#6 C:\xampp\htdocs\uas_pweb2\vendor\codeigniter4\framework\system\Commands\Server\rewrite.php(43): require_once('C:\\xampp\\htdocs...')
#7 {main}
CRITICAL - 2021-12-13 06:42:51 --> Decrypting: authentication failed.
#0 C:\xampp\htdocs\uas_pweb2\vendor\codeigniter4\framework\system\Encryption\Handlers\OpenSSLHandler.php(98): CodeIgniter\Encryption\Exceptions\EncryptionException::forAuthenticationFailed()
#1 C:\xampp\htdocs\uas_pweb2\app\Controllers\Account.php(76): CodeIgniter\Encryption\Handlers\OpenSSLHandler->decrypt('')
#2 C:\xampp\htdocs\uas_pweb2\vendor\codeigniter4\framework\system\CodeIgniter.php(824): App\Controllers\Account->login_auth()
#3 C:\xampp\htdocs\uas_pweb2\vendor\codeigniter4\framework\system\CodeIgniter.php(410): CodeIgniter\CodeIgniter->runController(Object(App\Controllers\Account))
#4 C:\xampp\htdocs\uas_pweb2\vendor\codeigniter4\framework\system\CodeIgniter.php(318): CodeIgniter\CodeIgniter->handleRequest(NULL, Object(Config\Cache), false)
#5 C:\xampp\htdocs\uas_pweb2\public\index.php(37): CodeIgniter\CodeIgniter->run()
#6 C:\xampp\htdocs\uas_pweb2\vendor\codeigniter4\framework\system\Commands\Server\rewrite.php(43): require_once('C:\\xampp\\htdocs...')
#7 {main}
CRITICAL - 2021-12-13 06:44:02 --> Decrypting: authentication failed.
#0 C:\xampp\htdocs\uas_pweb2\vendor\codeigniter4\framework\system\Encryption\Handlers\OpenSSLHandler.php(98): CodeIgniter\Encryption\Exceptions\EncryptionException::forAuthenticationFailed()
#1 C:\xampp\htdocs\uas_pweb2\app\Controllers\Account.php(80): CodeIgniter\Encryption\Handlers\OpenSSLHandler->decrypt('\x03\x01?l?$?<]\x1C\x1DQ?P?...')
#2 C:\xampp\htdocs\uas_pweb2\vendor\codeigniter4\framework\system\CodeIgniter.php(824): App\Controllers\Account->login_auth()
#3 C:\xampp\htdocs\uas_pweb2\vendor\codeigniter4\framework\system\CodeIgniter.php(410): CodeIgniter\CodeIgniter->runController(Object(App\Controllers\Account))
#4 C:\xampp\htdocs\uas_pweb2\vendor\codeigniter4\framework\system\CodeIgniter.php(318): CodeIgniter\CodeIgniter->handleRequest(NULL, Object(Config\Cache), false)
#5 C:\xampp\htdocs\uas_pweb2\public\index.php(37): CodeIgniter\CodeIgniter->run()
#6 C:\xampp\htdocs\uas_pweb2\vendor\codeigniter4\framework\system\Commands\Server\rewrite.php(43): require_once('C:\\xampp\\htdocs...')
#7 {main}
CRITICAL - 2021-12-13 06:44:41 --> Decrypting: authentication failed.
#0 C:\xampp\htdocs\uas_pweb2\vendor\codeigniter4\framework\system\Encryption\Handlers\OpenSSLHandler.php(98): CodeIgniter\Encryption\Exceptions\EncryptionException::forAuthenticationFailed()
#1 C:\xampp\htdocs\uas_pweb2\app\Controllers\Account.php(80): CodeIgniter\Encryption\Handlers\OpenSSLHandler->decrypt('\x03\x01?l?$?<]\x1C\x1DQ?P?...')
#2 C:\xampp\htdocs\uas_pweb2\vendor\codeigniter4\framework\system\CodeIgniter.php(824): App\Controllers\Account->login_auth()
#3 C:\xampp\htdocs\uas_pweb2\vendor\codeigniter4\framework\system\CodeIgniter.php(410): CodeIgniter\CodeIgniter->runController(Object(App\Controllers\Account))
#4 C:\xampp\htdocs\uas_pweb2\vendor\codeigniter4\framework\system\CodeIgniter.php(318): CodeIgniter\CodeIgniter->handleRequest(NULL, Object(Config\Cache), false)
#5 C:\xampp\htdocs\uas_pweb2\public\index.php(37): CodeIgniter\CodeIgniter->run()
#6 C:\xampp\htdocs\uas_pweb2\vendor\codeigniter4\framework\system\Commands\Server\rewrite.php(43): require_once('C:\\xampp\\htdocs...')
#7 {main}
CRITICAL - 2021-12-13 06:47:23 --> Decrypting: authentication failed.
#0 C:\xampp\htdocs\uas_pweb2\vendor\codeigniter4\framework\system\Encryption\Handlers\OpenSSLHandler.php(98): CodeIgniter\Encryption\Exceptions\EncryptionException::forAuthenticationFailed()
#1 C:\xampp\htdocs\uas_pweb2\app\Controllers\Account.php(81): CodeIgniter\Encryption\Handlers\OpenSSLHandler->decrypt('\x03\x01?l?$?<]\x1C\x1DQ?P?...')
#2 C:\xampp\htdocs\uas_pweb2\vendor\codeigniter4\framework\system\CodeIgniter.php(824): App\Controllers\Account->login_auth()
#3 C:\xampp\htdocs\uas_pweb2\vendor\codeigniter4\framework\system\CodeIgniter.php(410): CodeIgniter\CodeIgniter->runController(Object(App\Controllers\Account))
#4 C:\xampp\htdocs\uas_pweb2\vendor\codeigniter4\framework\system\CodeIgniter.php(318): CodeIgniter\CodeIgniter->handleRequest(NULL, Object(Config\Cache), false)
#5 C:\xampp\htdocs\uas_pweb2\public\index.php(37): CodeIgniter\CodeIgniter->run()
#6 C:\xampp\htdocs\uas_pweb2\vendor\codeigniter4\framework\system\Commands\Server\rewrite.php(43): require_once('C:\\xampp\\htdocs...')
#7 {main}
CRITICAL - 2021-12-13 06:50:36 --> Decrypting: authentication failed.
#0 C:\xampp\htdocs\uas_pweb2\vendor\codeigniter4\framework\system\Encryption\Handlers\OpenSSLHandler.php(98): CodeIgniter\Encryption\Exceptions\EncryptionException::forAuthenticationFailed()
#1 C:\xampp\htdocs\uas_pweb2\app\Controllers\Account.php(81): CodeIgniter\Encryption\Handlers\OpenSSLHandler->decrypt('\x03\x01?l?$?<]\x1C\x1DQ?P?...')
#2 C:\xampp\htdocs\uas_pweb2\vendor\codeigniter4\framework\system\CodeIgniter.php(824): App\Controllers\Account->login_auth()
#3 C:\xampp\htdocs\uas_pweb2\vendor\codeigniter4\framework\system\CodeIgniter.php(410): CodeIgniter\CodeIgniter->runController(Object(App\Controllers\Account))
#4 C:\xampp\htdocs\uas_pweb2\vendor\codeigniter4\framework\system\CodeIgniter.php(318): CodeIgniter\CodeIgniter->handleRequest(NULL, Object(Config\Cache), false)
#5 C:\xampp\htdocs\uas_pweb2\public\index.php(37): CodeIgniter\CodeIgniter->run()
#6 C:\xampp\htdocs\uas_pweb2\vendor\codeigniter4\framework\system\Commands\Server\rewrite.php(43): require_once('C:\\xampp\\htdocs...')
#7 {main}
CRITICAL - 2021-12-13 06:51:04 --> Decrypting: authentication failed.
#0 C:\xampp\htdocs\uas_pweb2\vendor\codeigniter4\framework\system\Encryption\Handlers\OpenSSLHandler.php(98): CodeIgniter\Encryption\Exceptions\EncryptionException::forAuthenticationFailed()
#1 C:\xampp\htdocs\uas_pweb2\app\Controllers\Account.php(81): CodeIgniter\Encryption\Handlers\OpenSSLHandler->decrypt('1B7KOc06yvIeJ9p...')
#2 C:\xampp\htdocs\uas_pweb2\vendor\codeigniter4\framework\system\CodeIgniter.php(824): App\Controllers\Account->login_auth()
#3 C:\xampp\htdocs\uas_pweb2\vendor\codeigniter4\framework\system\CodeIgniter.php(410): CodeIgniter\CodeIgniter->runController(Object(App\Controllers\Account))
#4 C:\xampp\htdocs\uas_pweb2\vendor\codeigniter4\framework\system\CodeIgniter.php(318): CodeIgniter\CodeIgniter->handleRequest(NULL, Object(Config\Cache), false)
#5 C:\xampp\htdocs\uas_pweb2\public\index.php(37): CodeIgniter\CodeIgniter->run()
#6 C:\xampp\htdocs\uas_pweb2\vendor\codeigniter4\framework\system\Commands\Server\rewrite.php(43): require_once('C:\\xampp\\htdocs...')
#7 {main}
CRITICAL - 2021-12-13 06:55:02 --> Decrypting: authentication failed.
#0 C:\xampp\htdocs\uas_pweb2\vendor\codeigniter4\framework\system\Encryption\Handlers\OpenSSLHandler.php(98): CodeIgniter\Encryption\Exceptions\EncryptionException::forAuthenticationFailed()
#1 C:\xampp\htdocs\uas_pweb2\app\Controllers\Account.php(81): CodeIgniter\Encryption\Handlers\OpenSSLHandler->decrypt('', 'QJA5BliH4EqZi3V...')
#2 C:\xampp\htdocs\uas_pweb2\vendor\codeigniter4\framework\system\CodeIgniter.php(824): App\Controllers\Account->login_auth()
#3 C:\xampp\htdocs\uas_pweb2\vendor\codeigniter4\framework\system\CodeIgniter.php(410): CodeIgniter\CodeIgniter->runController(Object(App\Controllers\Account))
#4 C:\xampp\htdocs\uas_pweb2\vendor\codeigniter4\framework\system\CodeIgniter.php(318): CodeIgniter\CodeIgniter->handleRequest(NULL, Object(Config\Cache), false)
#5 C:\xampp\htdocs\uas_pweb2\public\index.php(37): CodeIgniter\CodeIgniter->run()
#6 C:\xampp\htdocs\uas_pweb2\vendor\codeigniter4\framework\system\Commands\Server\rewrite.php(43): require_once('C:\\xampp\\htdocs...')
#7 {main}
CRITICAL - 2021-12-13 06:55:13 --> Decrypting: authentication failed.
#0 C:\xampp\htdocs\uas_pweb2\vendor\codeigniter4\framework\system\Encryption\Handlers\OpenSSLHandler.php(98): CodeIgniter\Encryption\Exceptions\EncryptionException::forAuthenticationFailed()
#1 C:\xampp\htdocs\uas_pweb2\app\Controllers\Account.php(81): CodeIgniter\Encryption\Handlers\OpenSSLHandler->decrypt('\x03\x01?l?$?<]\x1C\x1DQ?P?...', 'QJA5BliH4EqZi3V...')
#2 C:\xampp\htdocs\uas_pweb2\vendor\codeigniter4\framework\system\CodeIgniter.php(824): App\Controllers\Account->login_auth()
#3 C:\xampp\htdocs\uas_pweb2\vendor\codeigniter4\framework\system\CodeIgniter.php(410): CodeIgniter\CodeIgniter->runController(Object(App\Controllers\Account))
#4 C:\xampp\htdocs\uas_pweb2\vendor\codeigniter4\framework\system\CodeIgniter.php(318): CodeIgniter\CodeIgniter->handleRequest(NULL, Object(Config\Cache), false)
#5 C:\xampp\htdocs\uas_pweb2\public\index.php(37): CodeIgniter\CodeIgniter->run()
#6 C:\xampp\htdocs\uas_pweb2\vendor\codeigniter4\framework\system\Commands\Server\rewrite.php(43): require_once('C:\\xampp\\htdocs...')
#7 {main}
CRITICAL - 2021-12-13 06:55:37 --> Decrypting: authentication failed.
#0 C:\xampp\htdocs\uas_pweb2\vendor\codeigniter4\framework\system\Encryption\Handlers\OpenSSLHandler.php(98): CodeIgniter\Encryption\Exceptions\EncryptionException::forAuthenticationFailed()
#1 C:\xampp\htdocs\uas_pweb2\app\Controllers\Account.php(81): CodeIgniter\Encryption\Handlers\OpenSSLHandler->decrypt('\x03\x01?l?$?<]\x1C\x1DQ?P?...', 'QJA5BliH4EqZi3V...')
#2 C:\xampp\htdocs\uas_pweb2\vendor\codeigniter4\framework\system\CodeIgniter.php(824): App\Controllers\Account->login_auth()
#3 C:\xampp\htdocs\uas_pweb2\vendor\codeigniter4\framework\system\CodeIgniter.php(410): CodeIgniter\CodeIgniter->runController(Object(App\Controllers\Account))
#4 C:\xampp\htdocs\uas_pweb2\vendor\codeigniter4\framework\system\CodeIgniter.php(318): CodeIgniter\CodeIgniter->handleRequest(NULL, Object(Config\Cache), false)
#5 C:\xampp\htdocs\uas_pweb2\public\index.php(37): CodeIgniter\CodeIgniter->run()
#6 C:\xampp\htdocs\uas_pweb2\vendor\codeigniter4\framework\system\Commands\Server\rewrite.php(43): require_once('C:\\xampp\\htdocs...')
#7 {main}
CRITICAL - 2021-12-13 06:57:22 --> Decrypting: authentication failed.
#0 C:\xampp\htdocs\uas_pweb2\vendor\codeigniter4\framework\system\Encryption\Handlers\OpenSSLHandler.php(98): CodeIgniter\Encryption\Exceptions\EncryptionException::forAuthenticationFailed()
#1 C:\xampp\htdocs\uas_pweb2\app\Controllers\Account.php(81): CodeIgniter\Encryption\Handlers\OpenSSLHandler->decrypt('???\xD5\xA4'lF?^2p?R?...', 'QJA5BliH4EqZi3V...')
#2 C:\xampp\htdocs\uas_pweb2\vendor\codeigniter4\framework\system\CodeIgniter.php(824): App\Controllers\Account->login_auth()
#3 C:\xampp\htdocs\uas_pweb2\vendor\codeigniter4\framework\system\CodeIgniter.php(410): CodeIgniter\CodeIgniter->runController(Object(App\Controllers\Account))
#4 C:\xampp\htdocs\uas_pweb2\vendor\codeigniter4\framework\system\CodeIgniter.php(318): CodeIgniter\CodeIgniter->handleRequest(NULL, Object(Config\Cache), false)
#5 C:\xampp\htdocs\uas_pweb2\public\index.php(37): CodeIgniter\CodeIgniter->run()
#6 C:\xampp\htdocs\uas_pweb2\vendor\codeigniter4\framework\system\Commands\Server\rewrite.php(43): require_once('C:\\xampp\\htdocs...')
#7 {main}
CRITICAL - 2021-12-13 06:59:22 --> Undefined property: App\Controllers\Account::$encrypt
#0 C:\xampp\htdocs\uas_pweb2\app\Controllers\Account.php(81): CodeIgniter\Debug\Exceptions->errorHandler(2, 'Undefined prope...', 'C:\\xampp\\htdocs...', 81)
#1 C:\xampp\htdocs\uas_pweb2\vendor\codeigniter4\framework\system\CodeIgniter.php(824): App\Controllers\Account->login_auth()
#2 C:\xampp\htdocs\uas_pweb2\vendor\codeigniter4\framework\system\CodeIgniter.php(410): CodeIgniter\CodeIgniter->runController(Object(App\Controllers\Account))
#3 C:\xampp\htdocs\uas_pweb2\vendor\codeigniter4\framework\system\CodeIgniter.php(318): CodeIgniter\CodeIgniter->handleRequest(NULL, Object(Config\Cache), false)
#4 C:\xampp\htdocs\uas_pweb2\public\index.php(37): CodeIgniter\CodeIgniter->run()
#5 C:\xampp\htdocs\uas_pweb2\vendor\codeigniter4\framework\system\Commands\Server\rewrite.php(43): require_once('C:\\xampp\\htdocs...')
#6 {main}
CRITICAL - 2021-12-13 06:59:56 --> Undefined property: App\Controllers\Account::$load
#0 C:\xampp\htdocs\uas_pweb2\app\Controllers\Account.php(73): CodeIgniter\Debug\Exceptions->errorHandler(2, 'Undefined prope...', 'C:\\xampp\\htdocs...', 73)
#1 C:\xampp\htdocs\uas_pweb2\vendor\codeigniter4\framework\system\CodeIgniter.php(824): App\Controllers\Account->login_auth()
#2 C:\xampp\htdocs\uas_pweb2\vendor\codeigniter4\framework\system\CodeIgniter.php(410): CodeIgniter\CodeIgniter->runController(Object(App\Controllers\Account))
#3 C:\xampp\htdocs\uas_pweb2\vendor\codeigniter4\framework\system\CodeIgniter.php(318): CodeIgniter\CodeIgniter->handleRequest(NULL, Object(Config\Cache), false)
#4 C:\xampp\htdocs\uas_pweb2\public\index.php(37): CodeIgniter\CodeIgniter->run()
#5 C:\xampp\htdocs\uas_pweb2\vendor\codeigniter4\framework\system\Commands\Server\rewrite.php(43): require_once('C:\\xampp\\htdocs...')
#6 {main}
CRITICAL - 2021-12-13 10:22:00 --> Decrypting: authentication failed.
#0 C:\xampp\htdocs\uas_pweb2\vendor\codeigniter4\framework\system\Encryption\Handlers\OpenSSLHandler.php(98): CodeIgniter\Encryption\Exceptions\EncryptionException::forAuthenticationFailed()
#1 C:\xampp\htdocs\uas_pweb2\app\Controllers\Account.php(80): CodeIgniter\Encryption\Handlers\OpenSSLHandler->decrypt('???\xD5\xA4'lF?^2p?R?...')
#2 C:\xampp\htdocs\uas_pweb2\vendor\codeigniter4\framework\system\CodeIgniter.php(824): App\Controllers\Account->login_auth()
#3 C:\xampp\htdocs\uas_pweb2\vendor\codeigniter4\framework\system\CodeIgniter.php(410): CodeIgniter\CodeIgniter->runController(Object(App\Controllers\Account))
#4 C:\xampp\htdocs\uas_pweb2\vendor\codeigniter4\framework\system\CodeIgniter.php(318): CodeIgniter\CodeIgniter->handleRequest(NULL, Object(Config\Cache), false)
#5 C:\xampp\htdocs\uas_pweb2\public\index.php(37): CodeIgniter\CodeIgniter->run()
#6 C:\xampp\htdocs\uas_pweb2\vendor\codeigniter4\framework\system\Commands\Server\rewrite.php(43): require_once('C:\\xampp\\htdocs...')
#7 {main}
CRITICAL - 2021-12-13 10:36:19 --> Decrypting: authentication failed.
#0 C:\xampp\htdocs\uas_pweb2\vendor\codeigniter4\framework\system\Encryption\Handlers\OpenSSLHandler.php(98): CodeIgniter\Encryption\Exceptions\EncryptionException::forAuthenticationFailed()
#1 C:\xampp\htdocs\uas_pweb2\app\Controllers\Account.php(83): CodeIgniter\Encryption\Handlers\OpenSSLHandler->decrypt('???\xD5\xA4'lF?^2p?R?...')
#2 C:\xampp\htdocs\uas_pweb2\vendor\codeigniter4\framework\system\CodeIgniter.php(824): App\Controllers\Account->login_auth()
#3 C:\xampp\htdocs\uas_pweb2\vendor\codeigniter4\framework\system\CodeIgniter.php(410): CodeIgniter\CodeIgniter->runController(Object(App\Controllers\Account))
#4 C:\xampp\htdocs\uas_pweb2\vendor\codeigniter4\framework\system\CodeIgniter.php(318): CodeIgniter\CodeIgniter->handleRequest(NULL, Object(Config\Cache), false)
#5 C:\xampp\htdocs\uas_pweb2\public\index.php(37): CodeIgniter\CodeIgniter->run()
#6 C:\xampp\htdocs\uas_pweb2\vendor\codeigniter4\framework\system\Commands\Server\rewrite.php(43): require_once('C:\\xampp\\htdocs...')
#7 {main}
CRITICAL - 2021-12-13 10:39:53 --> Undefined array key "username"
#0 C:\xampp\htdocs\uas_pweb2\app\Controllers\Account.php(82): CodeIgniter\Debug\Exceptions->errorHandler(2, 'Undefined array...', 'C:\\xampp\\htdocs...', 82)
#1 C:\xampp\htdocs\uas_pweb2\vendor\codeigniter4\framework\system\CodeIgniter.php(824): App\Controllers\Account->login_auth()
#2 C:\xampp\htdocs\uas_pweb2\vendor\codeigniter4\framework\system\CodeIgniter.php(410): CodeIgniter\CodeIgniter->runController(Object(App\Controllers\Account))
#3 C:\xampp\htdocs\uas_pweb2\vendor\codeigniter4\framework\system\CodeIgniter.php(318): CodeIgniter\CodeIgniter->handleRequest(NULL, Object(Config\Cache), false)
#4 C:\xampp\htdocs\uas_pweb2\public\index.php(37): CodeIgniter\CodeIgniter->run()
#5 C:\xampp\htdocs\uas_pweb2\vendor\codeigniter4\framework\system\Commands\Server\rewrite.php(43): require_once('C:\\xampp\\htdocs...')
#6 {main}
CRITICAL - 2021-12-13 10:40:12 --> Undefined variable $major
#0 C:\xampp\htdocs\uas_pweb2\app\Views\pages\profile.php(20): CodeIgniter\Debug\Exceptions->errorHandler(2, 'Undefined varia...', 'C:\\xampp\\htdocs...', 20)
#1 C:\xampp\htdocs\uas_pweb2\vendor\codeigniter4\framework\system\View\View.php(214): include('C:\\xampp\\htdocs...')
#2 C:\xampp\htdocs\uas_pweb2\vendor\codeigniter4\framework\system\View\View.php(217): CodeIgniter\View\View->CodeIgniter\View\{closure}()
#3 C:\xampp\htdocs\uas_pweb2\vendor\codeigniter4\framework\system\Common.php(1097): CodeIgniter\View\View->render('pages/profile', Array, true)
#4 C:\xampp\htdocs\uas_pweb2\app\Controllers\Account.php(100): view('pages/profile')
#5 C:\xampp\htdocs\uas_pweb2\vendor\codeigniter4\framework\system\CodeIgniter.php(824): App\Controllers\Account->profile()
#6 C:\xampp\htdocs\uas_pweb2\vendor\codeigniter4\framework\system\CodeIgniter.php(410): CodeIgniter\CodeIgniter->runController(Object(App\Controllers\Account))
#7 C:\xampp\htdocs\uas_pweb2\vendor\codeigniter4\framework\system\CodeIgniter.php(318): CodeIgniter\CodeIgniter->handleRequest(NULL, Object(Config\Cache), false)
#8 C:\xampp\htdocs\uas_pweb2\public\index.php(37): CodeIgniter\CodeIgniter->run()
#9 C:\xampp\htdocs\uas_pweb2\vendor\codeigniter4\framework\system\Commands\Server\rewrite.php(43): require_once('C:\\xampp\\htdocs...')
#10 {main}
CRITICAL - 2021-12-13 10:49:31 --> Undefined property: App\Controllers\ProfileUser::$komikModel
#0 C:\xampp\htdocs\uas_pweb2\app\Controllers\ProfileUser.php(18): CodeIgniter\Debug\Exceptions->errorHandler(2, 'Undefined prope...', 'C:\\xampp\\htdocs...', 18)
#1 C:\xampp\htdocs\uas_pweb2\vendor\codeigniter4\framework\system\CodeIgniter.php(824): App\Controllers\ProfileUser->index()
#2 C:\xampp\htdocs\uas_pweb2\vendor\codeigniter4\framework\system\CodeIgniter.php(410): CodeIgniter\CodeIgniter->runController(Object(App\Controllers\ProfileUser))
#3 C:\xampp\htdocs\uas_pweb2\vendor\codeigniter4\framework\system\CodeIgniter.php(318): CodeIgniter\CodeIgniter->handleRequest(NULL, Object(Config\Cache), false)
#4 C:\xampp\htdocs\uas_pweb2\public\index.php(37): CodeIgniter\CodeIgniter->run()
#5 C:\xampp\htdocs\uas_pweb2\vendor\codeigniter4\framework\system\Commands\Server\rewrite.php(43): require_once('C:\\xampp\\htdocs...')
#6 {main}
CRITICAL - 2021-12-13 10:50:46 --> Undefined variable $major
#0 C:\xampp\htdocs\uas_pweb2\app\Views\pages\profile.php(20): CodeIgniter\Debug\Exceptions->errorHandler(2, 'Undefined varia...', 'C:\\xampp\\htdocs...', 20)
#1 C:\xampp\htdocs\uas_pweb2\vendor\codeigniter4\framework\system\View\View.php(214): include('C:\\xampp\\htdocs...')
#2 C:\xampp\htdocs\uas_pweb2\vendor\codeigniter4\framework\system\View\View.php(217): CodeIgniter\View\View->CodeIgniter\View\{closure}()
#3 C:\xampp\htdocs\uas_pweb2\vendor\codeigniter4\framework\system\Common.php(1097): CodeIgniter\View\View->render('pages/profile', Array, true)
#4 C:\xampp\htdocs\uas_pweb2\app\Controllers\ProfileUser.php(20): view('pages/profile', Array)
#5 C:\xampp\htdocs\uas_pweb2\vendor\codeigniter4\framework\system\CodeIgniter.php(824): App\Controllers\ProfileUser->index()
#6 C:\xampp\htdocs\uas_pweb2\vendor\codeigniter4\framework\system\CodeIgniter.php(410): CodeIgniter\CodeIgniter->runController(Object(App\Controllers\ProfileUser))
#7 C:\xampp\htdocs\uas_pweb2\vendor\codeigniter4\framework\system\CodeIgniter.php(318): CodeIgniter\CodeIgniter->handleRequest(NULL, Object(Config\Cache), false)
#8 C:\xampp\htdocs\uas_pweb2\public\index.php(37): CodeIgniter\CodeIgniter->run()
#9 C:\xampp\htdocs\uas_pweb2\vendor\codeigniter4\framework\system\Commands\Server\rewrite.php(43): require_once('C:\\xampp\\htdocs...')
#10 {main}
CRITICAL - 2021-12-13 10:55:25 --> Cannot access offset of type string on string
#0 C:\xampp\htdocs\uas_pweb2\vendor\codeigniter4\framework\system\View\View.php(214): include()
#1 C:\xampp\htdocs\uas_pweb2\vendor\codeigniter4\framework\system\View\View.php(217): CodeIgniter\View\View->CodeIgniter\View\{closure}()
#2 C:\xampp\htdocs\uas_pweb2\vendor\codeigniter4\framework\system\Common.php(1097): CodeIgniter\View\View->render('pages/profile', Array, true)
#3 C:\xampp\htdocs\uas_pweb2\app\Controllers\ProfileUser.php(20): view('pages/profile', Array)
#4 C:\xampp\htdocs\uas_pweb2\vendor\codeigniter4\framework\system\CodeIgniter.php(824): App\Controllers\ProfileUser->index()
#5 C:\xampp\htdocs\uas_pweb2\vendor\codeigniter4\framework\system\CodeIgniter.php(410): CodeIgniter\CodeIgniter->runController(Object(App\Controllers\ProfileUser))
#6 C:\xampp\htdocs\uas_pweb2\vendor\codeigniter4\framework\system\CodeIgniter.php(318): CodeIgniter\CodeIgniter->handleRequest(NULL, Object(Config\Cache), false)
#7 C:\xampp\htdocs\uas_pweb2\public\index.php(37): CodeIgniter\CodeIgniter->run()
#8 C:\xampp\htdocs\uas_pweb2\vendor\codeigniter4\framework\system\Commands\Server\rewrite.php(43): require_once('C:\\xampp\\htdocs...')
#9 {main}
CRITICAL - 2021-12-13 10:59:29 --> Cannot access offset of type string on string
#0 C:\xampp\htdocs\uas_pweb2\vendor\codeigniter4\framework\system\View\View.php(214): include()
#1 C:\xampp\htdocs\uas_pweb2\vendor\codeigniter4\framework\system\View\View.php(217): CodeIgniter\View\View->CodeIgniter\View\{closure}()
#2 C:\xampp\htdocs\uas_pweb2\vendor\codeigniter4\framework\system\Common.php(1097): CodeIgniter\View\View->render('pages/profile', Array, true)
#3 C:\xampp\htdocs\uas_pweb2\app\Controllers\ProfileUser.php(20): view('pages/profile', Array)
#4 C:\xampp\htdocs\uas_pweb2\vendor\codeigniter4\framework\system\CodeIgniter.php(824): App\Controllers\ProfileUser->index()
#5 C:\xampp\htdocs\uas_pweb2\vendor\codeigniter4\framework\system\CodeIgniter.php(410): CodeIgniter\CodeIgniter->runController(Object(App\Controllers\ProfileUser))
#6 C:\xampp\htdocs\uas_pweb2\vendor\codeigniter4\framework\system\CodeIgniter.php(318): CodeIgniter\CodeIgniter->handleRequest(NULL, Object(Config\Cache), false)
#7 C:\xampp\htdocs\uas_pweb2\public\index.php(37): CodeIgniter\CodeIgniter->run()
#8 C:\xampp\htdocs\uas_pweb2\vendor\codeigniter4\framework\system\Commands\Server\rewrite.php(43): require_once('C:\\xampp\\htdocs...')
#9 {main}
CRITICAL - 2021-12-13 11:00:12 --> Undefined variable $img
#0 C:\xampp\htdocs\uas_pweb2\app\Views\pages\profile.php(68): CodeIgniter\Debug\Exceptions->errorHandler(2, 'Undefined varia...', 'C:\\xampp\\htdocs...', 68)
#1 C:\xampp\htdocs\uas_pweb2\vendor\codeigniter4\framework\system\View\View.php(214): include('C:\\xampp\\htdocs...')
#2 C:\xampp\htdocs\uas_pweb2\vendor\codeigniter4\framework\system\View\View.php(217): CodeIgniter\View\View->CodeIgniter\View\{closure}()
#3 C:\xampp\htdocs\uas_pweb2\vendor\codeigniter4\framework\system\Common.php(1097): CodeIgniter\View\View->render('pages/profile', Array, true)
#4 C:\xampp\htdocs\uas_pweb2\app\Controllers\ProfileUser.php(20): view('pages/profile', Array)
#5 C:\xampp\htdocs\uas_pweb2\vendor\codeigniter4\framework\system\CodeIgniter.php(824): App\Controllers\ProfileUser->index()
#6 C:\xampp\htdocs\uas_pweb2\vendor\codeigniter4\framework\system\CodeIgniter.php(410): CodeIgniter\CodeIgniter->runController(Object(App\Controllers\ProfileUser))
#7 C:\xampp\htdocs\uas_pweb2\vendor\codeigniter4\framework\system\CodeIgniter.php(318): CodeIgniter\CodeIgniter->handleRequest(NULL, Object(Config\Cache), false)
#8 C:\xampp\htdocs\uas_pweb2\public\index.php(37): CodeIgniter\CodeIgniter->run()
#9 C:\xampp\htdocs\uas_pweb2\vendor\codeigniter4\framework\system\Commands\Server\rewrite.php(43): require_once('C:\\xampp\\htdocs...')
#10 {main}
CRITICAL - 2021-12-13 11:00:26 --> Undefined array key "img"
#0 C:\xampp\htdocs\uas_pweb2\app\Views\pages\profile.php(68): CodeIgniter\Debug\Exceptions->errorHandler(2, 'Undefined array...', 'C:\\xampp\\htdocs...', 68)
#1 C:\xampp\htdocs\uas_pweb2\vendor\codeigniter4\framework\system\View\View.php(214): include('C:\\xampp\\htdocs...')
#2 C:\xampp\htdocs\uas_pweb2\vendor\codeigniter4\framework\system\View\View.php(217): CodeIgniter\View\View->CodeIgniter\View\{closure}()
#3 C:\xampp\htdocs\uas_pweb2\vendor\codeigniter4\framework\system\Common.php(1097): CodeIgniter\View\View->render('pages/profile', Array, true)
#4 C:\xampp\htdocs\uas_pweb2\app\Controllers\ProfileUser.php(20): view('pages/profile', Array)
#5 C:\xampp\htdocs\uas_pweb2\vendor\codeigniter4\framework\system\CodeIgniter.php(824): App\Controllers\ProfileUser->index()
#6 C:\xampp\htdocs\uas_pweb2\vendor\codeigniter4\framework\system\CodeIgniter.php(410): CodeIgniter\CodeIgniter->runController(Object(App\Controllers\ProfileUser))
#7 C:\xampp\htdocs\uas_pweb2\vendor\codeigniter4\framework\system\CodeIgniter.php(318): CodeIgniter\CodeIgniter->handleRequest(NULL, Object(Config\Cache), false)
#8 C:\xampp\htdocs\uas_pweb2\public\index.php(37): CodeIgniter\CodeIgniter->run()
#9 C:\xampp\htdocs\uas_pweb2\vendor\codeigniter4\framework\system\Commands\Server\rewrite.php(43): require_once('C:\\xampp\\htdocs...')
#10 {main}
CRITICAL - 2021-12-13 11:07:51 --> Undefined variable $major
#0 C:\xampp\htdocs\uas_pweb2\app\Views\pages\edit_profile.php(23): CodeIgniter\Debug\Exceptions->errorHandler(2, 'Undefined varia...', 'C:\\xampp\\htdocs...', 23)
#1 C:\xampp\htdocs\uas_pweb2\vendor\codeigniter4\framework\system\View\View.php(214): include('C:\\xampp\\htdocs...')
#2 C:\xampp\htdocs\uas_pweb2\vendor\codeigniter4\framework\system\View\View.php(217): CodeIgniter\View\View->CodeIgniter\View\{closure}()
#3 C:\xampp\htdocs\uas_pweb2\vendor\codeigniter4\framework\system\Common.php(1097): CodeIgniter\View\View->render('pages/edit_prof...', Array, true)
#4 C:\xampp\htdocs\uas_pweb2\app\Controllers\ProfileUser.php(25): view('pages/edit_prof...')
#5 C:\xampp\htdocs\uas_pweb2\vendor\codeigniter4\framework\system\CodeIgniter.php(824): App\Controllers\ProfileUser->edit_profile()
#6 C:\xampp\htdocs\uas_pweb2\vendor\codeigniter4\framework\system\CodeIgniter.php(410): CodeIgniter\CodeIgniter->runController(Object(App\Controllers\ProfileUser))
#7 C:\xampp\htdocs\uas_pweb2\vendor\codeigniter4\framework\system\CodeIgniter.php(318): CodeIgniter\CodeIgniter->handleRequest(NULL, Object(Config\Cache), false)
#8 C:\xampp\htdocs\uas_pweb2\public\index.php(37): CodeIgniter\CodeIgniter->run()
#9 C:\xampp\htdocs\uas_pweb2\vendor\codeigniter4\framework\system\Commands\Server\rewrite.php(43): require_once('C:\\xampp\\htdocs...')
#10 {main}
CRITICAL - 2021-12-13 11:10:34 --> Undefined variable $data_user
#0 C:\xampp\htdocs\uas_pweb2\app\Views\pages\edit_profile.php(23): CodeIgniter\Debug\Exceptions->errorHandler(2, 'Undefined varia...', 'C:\\xampp\\htdocs...', 23)
#1 C:\xampp\htdocs\uas_pweb2\vendor\codeigniter4\framework\system\View\View.php(214): include('C:\\xampp\\htdocs...')
#2 C:\xampp\htdocs\uas_pweb2\vendor\codeigniter4\framework\system\View\View.php(217): CodeIgniter\View\View->CodeIgniter\View\{closure}()
#3 C:\xampp\htdocs\uas_pweb2\vendor\codeigniter4\framework\system\Common.php(1097): CodeIgniter\View\View->render('pages/edit_prof...', Array, true)
#4 C:\xampp\htdocs\uas_pweb2\app\Controllers\ProfileUser.php(28): view('pages/edit_prof...')
#5 C:\xampp\htdocs\uas_pweb2\vendor\codeigniter4\framework\system\CodeIgniter.php(824): App\Controllers\ProfileUser->edit_profile()
#6 C:\xampp\htdocs\uas_pweb2\vendor\codeigniter4\framework\system\CodeIgniter.php(410): CodeIgniter\CodeIgniter->runController(Object(App\Controllers\ProfileUser))
#7 C:\xampp\htdocs\uas_pweb2\vendor\codeigniter4\framework\system\CodeIgniter.php(318): CodeIgniter\CodeIgniter->handleRequest(NULL, Object(Config\Cache), false)
#8 C:\xampp\htdocs\uas_pweb2\public\index.php(37): CodeIgniter\CodeIgniter->run()
#9 C:\xampp\htdocs\uas_pweb2\vendor\codeigniter4\framework\system\Commands\Server\rewrite.php(43): require_once('C:\\xampp\\htdocs...')
#10 {main}
CRITICAL - 2021-12-13 11:14:59 --> Invalid file: /Account.php
#0 C:\xampp\htdocs\uas_pweb2\vendor\codeigniter4\framework\system\View\View.php(198): CodeIgniter\Exceptions\FrameworkException::forInvalidFile('/Account.php')
#1 C:\xampp\htdocs\uas_pweb2\vendor\codeigniter4\framework\system\Common.php(1097): CodeIgniter\View\View->render('/Account', Array, true)
#2 C:\xampp\htdocs\uas_pweb2\app\Controllers\ProfileUser.php(34): view('/Account')
#3 C:\xampp\htdocs\uas_pweb2\vendor\codeigniter4\framework\system\CodeIgniter.php(824): App\Controllers\ProfileUser->logout()
#4 C:\xampp\htdocs\uas_pweb2\vendor\codeigniter4\framework\system\CodeIgniter.php(410): CodeIgniter\CodeIgniter->runController(Object(App\Controllers\ProfileUser))
#5 C:\xampp\htdocs\uas_pweb2\vendor\codeigniter4\framework\system\CodeIgniter.php(318): CodeIgniter\CodeIgniter->handleRequest(NULL, Object(Config\Cache), false)
#6 C:\xampp\htdocs\uas_pweb2\public\index.php(37): CodeIgniter\CodeIgniter->run()
#7 C:\xampp\htdocs\uas_pweb2\vendor\codeigniter4\framework\system\Commands\Server\rewrite.php(43): require_once('C:\\xampp\\htdocs...')
#8 {main}
CRITICAL - 2021-12-13 11:15:07 --> Trying to access array offset on value of type null
#0 C:\xampp\htdocs\uas_pweb2\app\Views\pages\profile.php(20): CodeIgniter\Debug\Exceptions->errorHandler(2, 'Trying to acces...', 'C:\\xampp\\htdocs...', 20)
#1 C:\xampp\htdocs\uas_pweb2\vendor\codeigniter4\framework\system\View\View.php(214): include('C:\\xampp\\htdocs...')
#2 C:\xampp\htdocs\uas_pweb2\vendor\codeigniter4\framework\system\View\View.php(217): CodeIgniter\View\View->CodeIgniter\View\{closure}()
#3 C:\xampp\htdocs\uas_pweb2\vendor\codeigniter4\framework\system\Common.php(1097): CodeIgniter\View\View->render('pages/profile', Array, true)
#4 C:\xampp\htdocs\uas_pweb2\app\Controllers\ProfileUser.php(20): view('pages/profile', Array)
#5 C:\xampp\htdocs\uas_pweb2\vendor\codeigniter4\framework\system\CodeIgniter.php(824): App\Controllers\ProfileUser->index()
#6 C:\xampp\htdocs\uas_pweb2\vendor\codeigniter4\framework\system\CodeIgniter.php(410): CodeIgniter\CodeIgniter->runController(Object(App\Controllers\ProfileUser))
#7 C:\xampp\htdocs\uas_pweb2\vendor\codeigniter4\framework\system\CodeIgniter.php(318): CodeIgniter\CodeIgniter->handleRequest(NULL, Object(Config\Cache), false)
#8 C:\xampp\htdocs\uas_pweb2\public\index.php(37): CodeIgniter\CodeIgniter->run()
#9 C:\xampp\htdocs\uas_pweb2\vendor\codeigniter4\framework\system\Commands\Server\rewrite.php(43): require_once('C:\\xampp\\htdocs...')
#10 {main}
CRITICAL - 2021-12-13 11:15:37 --> Trying to access array offset on value of type null
#0 C:\xampp\htdocs\uas_pweb2\app\Views\pages\edit_profile.php(23): CodeIgniter\Debug\Exceptions->errorHandler(2, 'Trying to acces...', 'C:\\xampp\\htdocs...', 23)
#1 C:\xampp\htdocs\uas_pweb2\vendor\codeigniter4\framework\system\View\View.php(214): include('C:\\xampp\\htdocs...')
#2 C:\xampp\htdocs\uas_pweb2\vendor\codeigniter4\framework\system\View\View.php(217): CodeIgniter\View\View->CodeIgniter\View\{closure}()
#3 C:\xampp\htdocs\uas_pweb2\vendor\codeigniter4\framework\system\Common.php(1097): CodeIgniter\View\View->render('pages/edit_prof...', Array, true)
#4 C:\xampp\htdocs\uas_pweb2\app\Controllers\ProfileUser.php(28): view('pages/edit_prof...', Array)
#5 C:\xampp\htdocs\uas_pweb2\vendor\codeigniter4\framework\system\CodeIgniter.php(824): App\Controllers\ProfileUser->edit_profile()
#6 C:\xampp\htdocs\uas_pweb2\vendor\codeigniter4\framework\system\CodeIgniter.php(410): CodeIgniter\CodeIgniter->runController(Object(App\Controllers\ProfileUser))
#7 C:\xampp\htdocs\uas_pweb2\vendor\codeigniter4\framework\system\CodeIgniter.php(318): CodeIgniter\CodeIgniter->handleRequest(NULL, Object(Config\Cache), false)
#8 C:\xampp\htdocs\uas_pweb2\public\index.php(37): CodeIgniter\CodeIgniter->run()
#9 C:\xampp\htdocs\uas_pweb2\vendor\codeigniter4\framework\system\Commands\Server\rewrite.php(43): require_once('C:\\xampp\\htdocs...')
#10 {main}
CRITICAL - 2021-12-13 11:15:39 --> Trying to access array offset on value of type null
#0 C:\xampp\htdocs\uas_pweb2\app\Views\pages\profile.php(20): CodeIgniter\Debug\Exceptions->errorHandler(2, 'Trying to acces...', 'C:\\xampp\\htdocs...', 20)
#1 C:\xampp\htdocs\uas_pweb2\vendor\codeigniter4\framework\system\View\View.php(214): include('C:\\xampp\\htdocs...')
#2 C:\xampp\htdocs\uas_pweb2\vendor\codeigniter4\framework\system\View\View.php(217): CodeIgniter\View\View->CodeIgniter\View\{closure}()
#3 C:\xampp\htdocs\uas_pweb2\vendor\codeigniter4\framework\system\Common.php(1097): CodeIgniter\View\View->render('pages/profile', Array, true)
#4 C:\xampp\htdocs\uas_pweb2\app\Controllers\ProfileUser.php(20): view('pages/profile', Array)
#5 C:\xampp\htdocs\uas_pweb2\vendor\codeigniter4\framework\system\CodeIgniter.php(824): App\Controllers\ProfileUser->index()
#6 C:\xampp\htdocs\uas_pweb2\vendor\codeigniter4\framework\system\CodeIgniter.php(410): CodeIgniter\CodeIgniter->runController(Object(App\Controllers\ProfileUser))
#7 C:\xampp\htdocs\uas_pweb2\vendor\codeigniter4\framework\system\CodeIgniter.php(318): CodeIgniter\CodeIgniter->handleRequest(NULL, Object(Config\Cache), false)
#8 C:\xampp\htdocs\uas_pweb2\public\index.php(37): CodeIgniter\CodeIgniter->run()
#9 C:\xampp\htdocs\uas_pweb2\vendor\codeigniter4\framework\system\Commands\Server\rewrite.php(43): require_once('C:\\xampp\\htdocs...')
#10 {main}
CRITICAL - 2021-12-13 11:15:41 --> Trying to access array offset on value of type null
#0 C:\xampp\htdocs\uas_pweb2\app\Views\pages\profile.php(20): CodeIgniter\Debug\Exceptions->errorHandler(2, 'Trying to acces...', 'C:\\xampp\\htdocs...', 20)
#1 C:\xampp\htdocs\uas_pweb2\vendor\codeigniter4\framework\system\View\View.php(214): include('C:\\xampp\\htdocs...')
#2 C:\xampp\htdocs\uas_pweb2\vendor\codeigniter4\framework\system\View\View.php(217): CodeIgniter\View\View->CodeIgniter\View\{closure}()
#3 C:\xampp\htdocs\uas_pweb2\vendor\codeigniter4\framework\system\Common.php(1097): CodeIgniter\View\View->render('pages/profile', Array, true)
#4 C:\xampp\htdocs\uas_pweb2\app\Controllers\ProfileUser.php(20): view('pages/profile', Array)
#5 C:\xampp\htdocs\uas_pweb2\vendor\codeigniter4\framework\system\CodeIgniter.php(824): App\Controllers\ProfileUser->index()
#6 C:\xampp\htdocs\uas_pweb2\vendor\codeigniter4\framework\system\CodeIgniter.php(410): CodeIgniter\CodeIgniter->runController(Object(App\Controllers\ProfileUser))
#7 C:\xampp\htdocs\uas_pweb2\vendor\codeigniter4\framework\system\CodeIgniter.php(318): CodeIgniter\CodeIgniter->handleRequest(NULL, Object(Config\Cache), false)
#8 C:\xampp\htdocs\uas_pweb2\public\index.php(37): CodeIgniter\CodeIgniter->run()
#9 C:\xampp\htdocs\uas_pweb2\vendor\codeigniter4\framework\system\Commands\Server\rewrite.php(43): require_once('C:\\xampp\\htdocs...')
#10 {main}
CRITICAL - 2021-12-13 11:16:12 --> Invalid file: /Account/index.php
#0 C:\xampp\htdocs\uas_pweb2\vendor\codeigniter4\framework\system\View\View.php(198): CodeIgniter\Exceptions\FrameworkException::forInvalidFile('/Account/index....')
#1 C:\xampp\htdocs\uas_pweb2\vendor\codeigniter4\framework\system\Common.php(1097): CodeIgniter\View\View->render('/Account/index', Array, true)
#2 C:\xampp\htdocs\uas_pweb2\app\Controllers\ProfileUser.php(34): view('/Account/index')
#3 C:\xampp\htdocs\uas_pweb2\vendor\codeigniter4\framework\system\CodeIgniter.php(824): App\Controllers\ProfileUser->logout()
#4 C:\xampp\htdocs\uas_pweb2\vendor\codeigniter4\framework\system\CodeIgniter.php(410): CodeIgniter\CodeIgniter->runController(Object(App\Controllers\ProfileUser))
#5 C:\xampp\htdocs\uas_pweb2\vendor\codeigniter4\framework\system\CodeIgniter.php(318): CodeIgniter\CodeIgniter->handleRequest(NULL, Object(Config\Cache), false)
#6 C:\xampp\htdocs\uas_pweb2\public\index.php(37): CodeIgniter\CodeIgniter->run()
#7 C:\xampp\htdocs\uas_pweb2\vendor\codeigniter4\framework\system\Commands\Server\rewrite.php(43): require_once('C:\\xampp\\htdocs...')
#8 {main}
CRITICAL - 2021-12-13 11:16:51 --> Invalid file: /Account/index.php
#0 C:\xampp\htdocs\uas_pweb2\vendor\codeigniter4\framework\system\View\View.php(198): CodeIgniter\Exceptions\FrameworkException::forInvalidFile('/Account/index....')
#1 C:\xampp\htdocs\uas_pweb2\vendor\codeigniter4\framework\system\Common.php(1097): CodeIgniter\View\View->render('/Account/index', Array, true)
#2 C:\xampp\htdocs\uas_pweb2\app\Controllers\ProfileUser.php(34): view('/Account/index')
#3 C:\xampp\htdocs\uas_pweb2\vendor\codeigniter4\framework\system\CodeIgniter.php(824): App\Controllers\ProfileUser->logout()
#4 C:\xampp\htdocs\uas_pweb2\vendor\codeigniter4\framework\system\CodeIgniter.php(410): CodeIgniter\CodeIgniter->runController(Object(App\Controllers\ProfileUser))
#5 C:\xampp\htdocs\uas_pweb2\vendor\codeigniter4\framework\system\CodeIgniter.php(318): CodeIgniter\CodeIgniter->handleRequest(NULL, Object(Config\Cache), false)
#6 C:\xampp\htdocs\uas_pweb2\public\index.php(37): CodeIgniter\CodeIgniter->run()
#7 C:\xampp\htdocs\uas_pweb2\vendor\codeigniter4\framework\system\Commands\Server\rewrite.php(43): require_once('C:\\xampp\\htdocs...')
#8 {main}
CRITICAL - 2021-12-13 11:16:54 --> Trying to access array offset on value of type null
#0 C:\xampp\htdocs\uas_pweb2\app\Views\pages\profile.php(20): CodeIgniter\Debug\Exceptions->errorHandler(2, 'Trying to acces...', 'C:\\xampp\\htdocs...', 20)
#1 C:\xampp\htdocs\uas_pweb2\vendor\codeigniter4\framework\system\View\View.php(214): include('C:\\xampp\\htdocs...')
#2 C:\xampp\htdocs\uas_pweb2\vendor\codeigniter4\framework\system\View\View.php(217): CodeIgniter\View\View->CodeIgniter\View\{closure}()
#3 C:\xampp\htdocs\uas_pweb2\vendor\codeigniter4\framework\system\Common.php(1097): CodeIgniter\View\View->render('pages/profile', Array, true)
#4 C:\xampp\htdocs\uas_pweb2\app\Controllers\ProfileUser.php(20): view('pages/profile', Array)
#5 C:\xampp\htdocs\uas_pweb2\vendor\codeigniter4\framework\system\CodeIgniter.php(824): App\Controllers\ProfileUser->index()
#6 C:\xampp\htdocs\uas_pweb2\vendor\codeigniter4\framework\system\CodeIgniter.php(410): CodeIgniter\CodeIgniter->runController(Object(App\Controllers\ProfileUser))
#7 C:\xampp\htdocs\uas_pweb2\vendor\codeigniter4\framework\system\CodeIgniter.php(318): CodeIgniter\CodeIgniter->handleRequest(NULL, Object(Config\Cache), false)
#8 C:\xampp\htdocs\uas_pweb2\public\index.php(37): CodeIgniter\CodeIgniter->run()
#9 C:\xampp\htdocs\uas_pweb2\vendor\codeigniter4\framework\system\Commands\Server\rewrite.php(43): require_once('C:\\xampp\\htdocs...')
#10 {main}
CRITICAL - 2021-12-13 11:16:57 --> Invalid file: /Account/index.php
#0 C:\xampp\htdocs\uas_pweb2\vendor\codeigniter4\framework\system\View\View.php(198): CodeIgniter\Exceptions\FrameworkException::forInvalidFile('/Account/index....')
#1 C:\xampp\htdocs\uas_pweb2\vendor\codeigniter4\framework\system\Common.php(1097): CodeIgniter\View\View->render('/Account/index', Array, true)
#2 C:\xampp\htdocs\uas_pweb2\app\Controllers\ProfileUser.php(34): view('/Account/index')
#3 C:\xampp\htdocs\uas_pweb2\vendor\codeigniter4\framework\system\CodeIgniter.php(824): App\Controllers\ProfileUser->logout()
#4 C:\xampp\htdocs\uas_pweb2\vendor\codeigniter4\framework\system\CodeIgniter.php(410): CodeIgniter\CodeIgniter->runController(Object(App\Controllers\ProfileUser))
#5 C:\xampp\htdocs\uas_pweb2\vendor\codeigniter4\framework\system\CodeIgniter.php(318): CodeIgniter\CodeIgniter->handleRequest(NULL, Object(Config\Cache), false)
#6 C:\xampp\htdocs\uas_pweb2\public\index.php(37): CodeIgniter\CodeIgniter->run()
#7 C:\xampp\htdocs\uas_pweb2\vendor\codeigniter4\framework\system\Commands\Server\rewrite.php(43): require_once('C:\\xampp\\htdocs...')
#8 {main}
CRITICAL - 2021-12-13 11:17:02 --> Trying to access array offset on value of type null
#0 C:\xampp\htdocs\uas_pweb2\app\Views\pages\profile.php(20): CodeIgniter\Debug\Exceptions->errorHandler(2, 'Trying to acces...', 'C:\\xampp\\htdocs...', 20)
#1 C:\xampp\htdocs\uas_pweb2\vendor\codeigniter4\framework\system\View\View.php(214): include('C:\\xampp\\htdocs...')
#2 C:\xampp\htdocs\uas_pweb2\vendor\codeigniter4\framework\system\View\View.php(217): CodeIgniter\View\View->CodeIgniter\View\{closure}()
#3 C:\xampp\htdocs\uas_pweb2\vendor\codeigniter4\framework\system\Common.php(1097): CodeIgniter\View\View->render('pages/profile', Array, true)
#4 C:\xampp\htdocs\uas_pweb2\app\Controllers\ProfileUser.php(20): view('pages/profile', Array)
#5 C:\xampp\htdocs\uas_pweb2\vendor\codeigniter4\framework\system\CodeIgniter.php(824): App\Controllers\ProfileUser->index()
#6 C:\xampp\htdocs\uas_pweb2\vendor\codeigniter4\framework\system\CodeIgniter.php(410): CodeIgniter\CodeIgniter->runController(Object(App\Controllers\ProfileUser))
#7 C:\xampp\htdocs\uas_pweb2\vendor\codeigniter4\framework\system\CodeIgniter.php(318): CodeIgniter\CodeIgniter->handleRequest(NULL, Object(Config\Cache), false)
#8 C:\xampp\htdocs\uas_pweb2\public\index.php(37): CodeIgniter\CodeIgniter->run()
#9 C:\xampp\htdocs\uas_pweb2\vendor\codeigniter4\framework\system\Commands\Server\rewrite.php(43): require_once('C:\\xampp\\htdocs...')
#10 {main}
CRITICAL - 2021-12-13 11:17:18 --> Invalid file: /Account/index.php
#0 C:\xampp\htdocs\uas_pweb2\vendor\codeigniter4\framework\system\View\View.php(198): CodeIgniter\Exceptions\FrameworkException::forInvalidFile('/Account/index....')
#1 C:\xampp\htdocs\uas_pweb2\vendor\codeigniter4\framework\system\Common.php(1097): CodeIgniter\View\View->render('/Account/index', Array, true)
#2 C:\xampp\htdocs\uas_pweb2\app\Controllers\ProfileUser.php(34): view('/Account/index')
#3 C:\xampp\htdocs\uas_pweb2\vendor\codeigniter4\framework\system\CodeIgniter.php(824): App\Controllers\ProfileUser->logout()
#4 C:\xampp\htdocs\uas_pweb2\vendor\codeigniter4\framework\system\CodeIgniter.php(410): CodeIgniter\CodeIgniter->runController(Object(App\Controllers\ProfileUser))
#5 C:\xampp\htdocs\uas_pweb2\vendor\codeigniter4\framework\system\CodeIgniter.php(318): CodeIgniter\CodeIgniter->handleRequest(NULL, Object(Config\Cache), false)
#6 C:\xampp\htdocs\uas_pweb2\public\index.php(37): CodeIgniter\CodeIgniter->run()
#7 C:\xampp\htdocs\uas_pweb2\vendor\codeigniter4\framework\system\Commands\Server\rewrite.php(43): require_once('C:\\xampp\\htdocs...')
#8 {main}
