CRITICAL - 2021-12-15 09:58:09 --> Trying to access array offset on value of type null
#0 C:\xampp\htdocs\uas_pweb2\app\Views\pages\profile.php(21): CodeIgniter\Debug\Exceptions->errorHandler(2, 'Trying to acces...', 'C:\\xampp\\htdocs...', 21)
#1 C:\xampp\htdocs\uas_pweb2\vendor\codeigniter4\framework\system\View\View.php(214): include('C:\\xampp\\htdocs...')
#2 C:\xampp\htdocs\uas_pweb2\vendor\codeigniter4\framework\system\View\View.php(217): CodeIgniter\View\View->CodeIgniter\View\{closure}()
#3 C:\xampp\htdocs\uas_pweb2\vendor\codeigniter4\framework\system\Common.php(1097): CodeIgniter\View\View->render('pages/profile', Array, true)
#4 C:\xampp\htdocs\uas_pweb2\app\Controllers\ProfileUser.php(22): view('pages/profile', Array)
#5 C:\xampp\htdocs\uas_pweb2\vendor\codeigniter4\framework\system\CodeIgniter.php(824): App\Controllers\ProfileUser->index()
#6 C:\xampp\htdocs\uas_pweb2\vendor\codeigniter4\framework\system\CodeIgniter.php(410): CodeIgniter\CodeIgniter->runController(Object(App\Controllers\ProfileUser))
#7 C:\xampp\htdocs\uas_pweb2\vendor\codeigniter4\framework\system\CodeIgniter.php(318): CodeIgniter\CodeIgniter->handleRequest(NULL, Object(Config\Cache), false)
#8 C:\xampp\htdocs\uas_pweb2\public\index.php(37): CodeIgniter\CodeIgniter->run()
#9 C:\xampp\htdocs\uas_pweb2\vendor\codeigniter4\framework\system\Commands\Server\rewrite.php(43): require_once('C:\\xampp\\htdocs...')
#10 {main}
CRITICAL - 2021-12-15 09:58:14 --> Trying to access array offset on value of type null
#0 C:\xampp\htdocs\uas_pweb2\app\Views\pages\profile.php(21): CodeIgniter\Debug\Exceptions->errorHandler(2, 'Trying to acces...', 'C:\\xampp\\htdocs...', 21)
#1 C:\xampp\htdocs\uas_pweb2\vendor\codeigniter4\framework\system\View\View.php(214): include('C:\\xampp\\htdocs...')
#2 C:\xampp\htdocs\uas_pweb2\vendor\codeigniter4\framework\system\View\View.php(217): CodeIgniter\View\View->CodeIgniter\View\{closure}()
#3 C:\xampp\htdocs\uas_pweb2\vendor\codeigniter4\framework\system\Common.php(1097): CodeIgniter\View\View->render('pages/profile', Array, true)
#4 C:\xampp\htdocs\uas_pweb2\app\Controllers\ProfileUser.php(22): view('pages/profile', Array)
#5 C:\xampp\htdocs\uas_pweb2\vendor\codeigniter4\framework\system\CodeIgniter.php(824): App\Controllers\ProfileUser->index()
#6 C:\xampp\htdocs\uas_pweb2\vendor\codeigniter4\framework\system\CodeIgniter.php(410): CodeIgniter\CodeIgniter->runController(Object(App\Controllers\ProfileUser))
#7 C:\xampp\htdocs\uas_pweb2\vendor\codeigniter4\framework\system\CodeIgniter.php(318): CodeIgniter\CodeIgniter->handleRequest(NULL, Object(Config\Cache), false)
#8 C:\xampp\htdocs\uas_pweb2\public\index.php(37): CodeIgniter\CodeIgniter->run()
#9 C:\xampp\htdocs\uas_pweb2\vendor\codeigniter4\framework\system\Commands\Server\rewrite.php(43): require_once('C:\\xampp\\htdocs...')
#10 {main}
CRITICAL - 2021-12-15 09:58:19 --> Trying to access array offset on value of type null
#0 C:\xampp\htdocs\uas_pweb2\app\Views\pages\edit_profile.php(23): CodeIgniter\Debug\Exceptions->errorHandler(2, 'Trying to acces...', 'C:\\xampp\\htdocs...', 23)
#1 C:\xampp\htdocs\uas_pweb2\vendor\codeigniter4\framework\system\View\View.php(214): include('C:\\xampp\\htdocs...')
#2 C:\xampp\htdocs\uas_pweb2\vendor\codeigniter4\framework\system\View\View.php(217): CodeIgniter\View\View->CodeIgniter\View\{closure}()
#3 C:\xampp\htdocs\uas_pweb2\vendor\codeigniter4\framework\system\Common.php(1097): CodeIgniter\View\View->render('pages/edit_prof...', Array, true)
#4 C:\xampp\htdocs\uas_pweb2\app\Controllers\ProfileUser.php(31): view('pages/edit_prof...', Array)
#5 C:\xampp\htdocs\uas_pweb2\vendor\codeigniter4\framework\system\CodeIgniter.php(824): App\Controllers\ProfileUser->edit_profile()
#6 C:\xampp\htdocs\uas_pweb2\vendor\codeigniter4\framework\system\CodeIgniter.php(410): CodeIgniter\CodeIgniter->runController(Object(App\Controllers\ProfileUser))
#7 C:\xampp\htdocs\uas_pweb2\vendor\codeigniter4\framework\system\CodeIgniter.php(318): CodeIgniter\CodeIgniter->handleRequest(NULL, Object(Config\Cache), false)
#8 C:\xampp\htdocs\uas_pweb2\public\index.php(37): CodeIgniter\CodeIgniter->run()
#9 C:\xampp\htdocs\uas_pweb2\vendor\codeigniter4\framework\system\Commands\Server\rewrite.php(43): require_once('C:\\xampp\\htdocs...')
#10 {main}
CRITICAL - 2021-12-15 09:58:21 --> Trying to access array offset on value of type null
#0 C:\xampp\htdocs\uas_pweb2\app\Views\pages\profile.php(21): CodeIgniter\Debug\Exceptions->errorHandler(2, 'Trying to acces...', 'C:\\xampp\\htdocs...', 21)
#1 C:\xampp\htdocs\uas_pweb2\vendor\codeigniter4\framework\system\View\View.php(214): include('C:\\xampp\\htdocs...')
#2 C:\xampp\htdocs\uas_pweb2\vendor\codeigniter4\framework\system\View\View.php(217): CodeIgniter\View\View->CodeIgniter\View\{closure}()
#3 C:\xampp\htdocs\uas_pweb2\vendor\codeigniter4\framework\system\Common.php(1097): CodeIgniter\View\View->render('pages/profile', Array, true)
#4 C:\xampp\htdocs\uas_pweb2\app\Controllers\ProfileUser.php(22): view('pages/profile', Array)
#5 C:\xampp\htdocs\uas_pweb2\vendor\codeigniter4\framework\system\CodeIgniter.php(824): App\Controllers\ProfileUser->index()
#6 C:\xampp\htdocs\uas_pweb2\vendor\codeigniter4\framework\system\CodeIgniter.php(410): CodeIgniter\CodeIgniter->runController(Object(App\Controllers\ProfileUser))
#7 C:\xampp\htdocs\uas_pweb2\vendor\codeigniter4\framework\system\CodeIgniter.php(318): CodeIgniter\CodeIgniter->handleRequest(NULL, Object(Config\Cache), false)
#8 C:\xampp\htdocs\uas_pweb2\public\index.php(37): CodeIgniter\CodeIgniter->run()
#9 C:\xampp\htdocs\uas_pweb2\vendor\codeigniter4\framework\system\Commands\Server\rewrite.php(43): require_once('C:\\xampp\\htdocs...')
#10 {main}
CRITICAL - 2021-12-15 09:58:29 --> Trying to access array offset on value of type null
#0 C:\xampp\htdocs\uas_pweb2\app\Views\pages\profile.php(21): CodeIgniter\Debug\Exceptions->errorHandler(2, 'Trying to acces...', 'C:\\xampp\\htdocs...', 21)
#1 C:\xampp\htdocs\uas_pweb2\vendor\codeigniter4\framework\system\View\View.php(214): include('C:\\xampp\\htdocs...')
#2 C:\xampp\htdocs\uas_pweb2\vendor\codeigniter4\framework\system\View\View.php(217): CodeIgniter\View\View->CodeIgniter\View\{closure}()
#3 C:\xampp\htdocs\uas_pweb2\vendor\codeigniter4\framework\system\Common.php(1097): CodeIgniter\View\View->render('pages/profile', Array, true)
#4 C:\xampp\htdocs\uas_pweb2\app\Controllers\ProfileUser.php(22): view('pages/profile', Array)
#5 C:\xampp\htdocs\uas_pweb2\vendor\codeigniter4\framework\system\CodeIgniter.php(824): App\Controllers\ProfileUser->index()
#6 C:\xampp\htdocs\uas_pweb2\vendor\codeigniter4\framework\system\CodeIgniter.php(410): CodeIgniter\CodeIgniter->runController(Object(App\Controllers\ProfileUser))
#7 C:\xampp\htdocs\uas_pweb2\vendor\codeigniter4\framework\system\CodeIgniter.php(318): CodeIgniter\CodeIgniter->handleRequest(NULL, Object(Config\Cache), false)
#8 C:\xampp\htdocs\uas_pweb2\public\index.php(37): CodeIgniter\CodeIgniter->run()
#9 C:\xampp\htdocs\uas_pweb2\vendor\codeigniter4\framework\system\Commands\Server\rewrite.php(43): require_once('C:\\xampp\\htdocs...')
#10 {main}
CRITICAL - 2021-12-15 09:58:39 --> Trying to access array offset on value of type null
#0 C:\xampp\htdocs\uas_pweb2\app\Views\pages\profile.php(21): CodeIgniter\Debug\Exceptions->errorHandler(2, 'Trying to acces...', 'C:\\xampp\\htdocs...', 21)
#1 C:\xampp\htdocs\uas_pweb2\vendor\codeigniter4\framework\system\View\View.php(214): include('C:\\xampp\\htdocs...')
#2 C:\xampp\htdocs\uas_pweb2\vendor\codeigniter4\framework\system\View\View.php(217): CodeIgniter\View\View->CodeIgniter\View\{closure}()
#3 C:\xampp\htdocs\uas_pweb2\vendor\codeigniter4\framework\system\Common.php(1097): CodeIgniter\View\View->render('pages/profile', Array, true)
#4 C:\xampp\htdocs\uas_pweb2\app\Controllers\ProfileUser.php(22): view('pages/profile', Array)
#5 C:\xampp\htdocs\uas_pweb2\vendor\codeigniter4\framework\system\CodeIgniter.php(824): App\Controllers\ProfileUser->index()
#6 C:\xampp\htdocs\uas_pweb2\vendor\codeigniter4\framework\system\CodeIgniter.php(410): CodeIgniter\CodeIgniter->runController(Object(App\Controllers\ProfileUser))
#7 C:\xampp\htdocs\uas_pweb2\vendor\codeigniter4\framework\system\CodeIgniter.php(318): CodeIgniter\CodeIgniter->handleRequest(NULL, Object(Config\Cache), false)
#8 C:\xampp\htdocs\uas_pweb2\public\index.php(37): CodeIgniter\CodeIgniter->run()
#9 C:\xampp\htdocs\uas_pweb2\vendor\codeigniter4\framework\system\Commands\Server\rewrite.php(43): require_once('C:\\xampp\\htdocs...')
#10 {main}
